Crashlog created at 2015-04-25 09:56:01 -0500

===== MESSAGE:

RuntimeError: The file 'content/about.html' appears to start with a metadata section (three or five dashes at the top) but it does not seem to be in the correct format.

===== COMPILATION STACK:

  (empty)

===== STACK TRACE:

  0. /Library/Ruby/Gems/2.0.0/gems/nanoc-3.7.5/lib/nanoc/data_sources/filesystem.rb:261:in `parse'
  1. /Library/Ruby/Gems/2.0.0/gems/nanoc-3.7.5/lib/nanoc/data_sources/filesystem.rb:97:in `block in load_objects'
  2. /Library/Ruby/Gems/2.0.0/gems/nanoc-3.7.5/lib/nanoc/data_sources/filesystem.rb:84:in `each'
  3. /Library/Ruby/Gems/2.0.0/gems/nanoc-3.7.5/lib/nanoc/data_sources/filesystem.rb:84:in `map'
  4. /Library/Ruby/Gems/2.0.0/gems/nanoc-3.7.5/lib/nanoc/data_sources/filesystem.rb:84:in `load_objects'
  5. /Library/Ruby/Gems/2.0.0/gems/nanoc-3.7.5/lib/nanoc/data_sources/filesystem.rb:43:in `items'
  6. /Library/Ruby/Gems/2.0.0/gems/nanoc-3.7.5/lib/nanoc/base/source_data/site.rb:341:in `block in load_items'
  7. /Library/Ruby/Gems/2.0.0/gems/nanoc-3.7.5/lib/nanoc/base/source_data/site.rb:340:in `each'
  8. /Library/Ruby/Gems/2.0.0/gems/nanoc-3.7.5/lib/nanoc/base/source_data/site.rb:340:in `load_items'
  9. /Library/Ruby/Gems/2.0.0/gems/nanoc-3.7.5/lib/nanoc/base/source_data/site.rb:242:in `block in load'
  10. /Library/Ruby/Gems/2.0.0/gems/nanoc-3.7.5/lib/nanoc/base/source_data/site.rb:304:in `with_datasources'
  11. /Library/Ruby/Gems/2.0.0/gems/nanoc-3.7.5/lib/nanoc/base/source_data/site.rb:241:in `load'
  12. /Library/Ruby/Gems/2.0.0/gems/nanoc-3.7.5/lib/nanoc/base/source_data/site.rb:126:in `layouts'
  13. /Library/Ruby/Gems/2.0.0/gems/nanoc-3.7.5/lib/nanoc/base/compilation/compiler.rb:186:in `dependency_tracker'
  14. /Library/Ruby/Gems/2.0.0/gems/nanoc-3.7.5/lib/nanoc/base/memoization.rb:54:in `block in memoize'
  15. /Library/Ruby/Gems/2.0.0/gems/nanoc-3.7.5/lib/nanoc/base/compilation/compiler.rb:458:in `stores'
  16. /Library/Ruby/Gems/2.0.0/gems/nanoc-3.7.5/lib/nanoc/base/compilation/compiler.rb:145:in `unload'
  17. /Library/Ruby/Gems/2.0.0/gems/nanoc-3.7.5/lib/nanoc/base/source_data/site.rb:277:in `unload'
  18. /Library/Ruby/Gems/2.0.0/gems/nanoc-3.7.5/lib/nanoc/base/source_data/site.rb:257:in `rescue in load'
  19. /Library/Ruby/Gems/2.0.0/gems/nanoc-3.7.5/lib/nanoc/base/source_data/site.rb:261:in `load'
  20. /Library/Ruby/Gems/2.0.0/gems/nanoc-3.7.5/lib/nanoc/cli/command_runner.rb:62:in `load_site'
  21. /Library/Ruby/Gems/2.0.0/gems/nanoc-3.7.5/lib/nanoc/cli/commands/compile.rb:378:in `run'
  22. /Library/Ruby/Gems/2.0.0/gems/nanoc-3.7.5/lib/nanoc/cli/command_runner.rb:12:in `block in call'
  23. /Library/Ruby/Gems/2.0.0/gems/nanoc-3.7.5/lib/nanoc/cli/error_handler.rb:72:in `handle_while'
  24. /Library/Ruby/Gems/2.0.0/gems/nanoc-3.7.5/lib/nanoc/cli/error_handler.rb:24:in `handle_while'
  25. /Library/Ruby/Gems/2.0.0/gems/nanoc-3.7.5/lib/nanoc/cli/command_runner.rb:11:in `call'
  26. /Library/Ruby/Gems/2.0.0/gems/cri-2.6.1/lib/cri/command_dsl.rb:223:in `block in runner'
  27. /Library/Ruby/Gems/2.0.0/gems/cri-2.6.1/lib/cri/command.rb:298:in `call'
  28. /Library/Ruby/Gems/2.0.0/gems/cri-2.6.1/lib/cri/command.rb:298:in `run_this'
  29. /Library/Ruby/Gems/2.0.0/gems/cri-2.6.1/lib/cri/command.rb:251:in `run'
  30. /Library/Ruby/Gems/2.0.0/gems/nanoc-3.7.5/lib/nanoc/cli/commands/nanoc.rb:39:in `block in define'
  31. /Library/Ruby/Gems/2.0.0/gems/cri-2.6.1/lib/cri/command.rb:298:in `call'
  32. /Library/Ruby/Gems/2.0.0/gems/cri-2.6.1/lib/cri/command.rb:298:in `run_this'
  33. /Library/Ruby/Gems/2.0.0/gems/cri-2.6.1/lib/cri/command.rb:251:in `run'
  34. /Library/Ruby/Gems/2.0.0/gems/nanoc-3.7.5/lib/nanoc/cli.rb:58:in `block in run'
  35. /Library/Ruby/Gems/2.0.0/gems/nanoc-3.7.5/lib/nanoc/cli/error_handler.rb:72:in `handle_while'
  36. /Library/Ruby/Gems/2.0.0/gems/nanoc-3.7.5/lib/nanoc/cli/error_handler.rb:24:in `handle_while'
  37. /Library/Ruby/Gems/2.0.0/gems/nanoc-3.7.5/lib/nanoc/cli.rb:56:in `run'
  38. /Library/Ruby/Gems/2.0.0/gems/nanoc-3.7.5/bin/nanoc:25:in `<top (required)>'
  39. /usr/bin/nanoc:23:in `load'

===== VERSION INFORMATION:

nanoc 3.7.5 © 2007-2015 Denis Defreyne.
Running ruby 2.0.0 (2014-05-08) on universal.x86_64-darwin14 with RubyGems 2.4.6.

===== SYSTEM INFORMATION:

Darwin Daniels-MacBook-Pro.local 14.1.0 Darwin Kernel Version 14.1.0: Thu Feb 26 19:26:47 PST 2015; root:xnu-2782.10.73~1/RELEASE_X86_64 x86_64

===== INSTALLED GEMS:

  CFPropertyList 2.2.8, 2.3.1
  RedCloth 4.2.9
  activesupport 4.2.1
  addressable 2.3.8
  adsf 1.2.0
  bigdecimal 1.2.0, 1.2.7
  blankslate 2.1.2.4, 3.1.3
  bundler 1.9.1
  celluloid 0.16.0
  classifier-reborn 2.0.3
  coffee-script 2.3.0, 2.4.1
  coffee-script-source 1.9.1
  colorator 0.1
  colored 1.2
  cri 2.6.1
  ethon 0.7.3
  execjs 2.4.0, 2.5.2
  fast-stemmer 1.0.2
  ffi 1.9.8
  foundation 1.0.4
  gemoji 2.1.0
  github-pages 33
  github-pages-health-check 0.2.2
  hitimes 1.2.2
  html-pipeline 1.9.0, 1.11.0
  html-proofer 2.1.0
  i18n 0.7.0
  io-console 0.4.2
  jekyll 2.4.0
  jekyll-coffeescript 1.0.1
  jekyll-gist 1.2.1
  jekyll-mentions 0.2.1
  jekyll-paginate 1.1.0
  jekyll-redirect-from 0.6.2, 0.7.0
  jekyll-sass-converter 1.2.0, 1.3.0
  jekyll-sitemap 0.6.3, 0.8.1
  jekyll-watch 1.2.1
  jemoji 0.4.0
  json 1.7.7, 1.8.2
  kramdown 1.5.0, 1.6.0
  libxml-ruby 2.6.0, 2.8.0
  liquid 2.6.1, 2.6.2, 3.0.1
  listen 2.10.0
  maruku 0.7.0, 0.7.2
  mercenary 0.3.5
  mini_portile 0.6.2
  minitest 4.3.2, 5.5.1
  mixlib-shellout 2.0.1
  nanoc 3.7.5
  net-dns 0.8.0
  net-scp 1.2.1
  net-ssh 2.9.2
  nokogiri 1.6.6.2
  parallel 1.4.1
  parslet 1.5.0, 1.7.0
  posix-spawn 0.3.11
  power_assert 0.2.3
  psych 2.0.0, 2.0.13
  public_suffix 1.5.0
  pygments.rb 0.6.1
  rack 1.6.0
  rake 0.9.6, 10.4.2
  rb-fsevent 0.9.4
  rb-inotify 0.9.5
  rdiscount 2.1.7, 2.1.8
  rdoc 4.0.0, 4.2.0
  redcarpet 3.1.2
  rubygems-update 2.4.6
  safe_yaml 1.0.4
  sass 3.4.13
  sqlite3 1.3.7, 1.3.10
  terminal-table 1.4.5
  test-unit 2.0.0.0, 3.0.9
  thor 0.19.1
  thread_safe 0.3.5
  timers 4.0.1
  toml 0.1.2
  travis-lint 2.0.0
  travis-yaml 0.2.0
  typhoeus 0.7.1
  tzinfo 1.2.2
  yajl-ruby 1.2.1
  yell 2.0.5

===== ENVIRONMENT:

Apple_PubSub_Socket_Render => "/private/tmp/com.apple.launchd.rl452Fpput/Render"
COLORFGBG => "7;0"
COMMAND_MODE => "unix2003"
DISPLAY => "/private/tmp/com.apple.launchd.WY8wV1oGph/org.macosforge.xquartz:0"
GEM_PATH => "/Library/Ruby/Gems/2.0.0:/Users/dandam/.gem/ruby/2.0.0:/System/Library/Frameworks/Ruby.framework/Versions/2.0/usr/lib/ruby/gems/2.0.0"
HOME => "/Users/dandam"
ITERM_PROFILE => "Default"
ITERM_SESSION_ID => "w0t0p1"
LANG => "en_US.UTF-8"
LC_CTYPE => "en_US.UTF-8"
LESS => "-R"
LOGNAME => "dandam"
LSCOLORS => "Gxfxcxdxbxegedabagacad"
OLDPWD => "/Users/dandam/tut_projects/hello-nanoc-tutorial/content"
PAGER => "less"
PATH => "/opt/local/bin:/opt/local/sbin:/usr/local/bin:/usr/local/bin:/Library/Frameworks/Python.framework/Versions/3.3/bin:/usr/bin:/bin:/usr/sbin:/sbin:/usr/local/bin:/usr/local/git/bin:/Applications/TextMate.app/Contents/SharedSupport/Bundles/Python.tmbundle/Support/bin:/Applications/TextMate.app/Contents/SharedSupport/Support/bin/CocoaDialog.app/Contents/MacOS:/Applications/TextMate.app/Contents/SharedSupport/Support/bin"
PWD => "/Users/dandam/tut_projects/hello-nanoc-tutorial"
SECURITYSESSIONID => "186a5"
SHELL => "/bin/zsh"
SHLVL => "1"
SSH_AUTH_SOCK => "/private/tmp/com.apple.launchd.1qX6TCQrmU/Listeners"
TERM => "xterm-256color"
TERM_PROGRAM => "iTerm.app"
TMPDIR => "/var/folders/rl/q80c9zcx1h1fz2s2x5j3wwth0000gn/T/"
USER => "dandam"
XPC_FLAGS => "0x0"
XPC_SERVICE_NAME => "0"
ZSH => "/Users/dandam/.oh-my-zsh"
_ => "/usr/bin/nanoc"
__CF_USER_TEXT_ENCODING => "0x1F5:0x0:0x0"

===== LOAD PATHS:

  0. /Library/Ruby/Gems/2.0.0/gems/nanoc-3.7.5/lib
  1. /Library/Ruby/Gems/2.0.0/gems/colored-1.2/lib
  2. /Library/Ruby/Gems/2.0.0/gems/cri-2.6.1/lib
  3. /Library/Ruby/Gems/2.0.0/gems/nanoc-3.7.5/lib
  4. /Library/Ruby/Gems/2.0.0/gems/bundler-1.9.1/lib
  5. /Library/Ruby/Gems/2.0.0/gems/psych-2.0.13/lib
  6. /Library/Ruby/Gems/2.0.0/extensions/universal-darwin-14/2.0.0/psych-2.0.13
  7. /Library/Ruby/Site/2.0.0
  8. /Library/Ruby/Site/2.0.0/x86_64-darwin14
  9. /Library/Ruby/Site/2.0.0/universal-darwin14
  10. /Library/Ruby/Site
  11. /System/Library/Frameworks/Ruby.framework/Versions/2.0/usr/lib/ruby/vendor_ruby/2.0.0
  12. /System/Library/Frameworks/Ruby.framework/Versions/2.0/usr/lib/ruby/vendor_ruby/2.0.0/x86_64-darwin14
  13. /System/Library/Frameworks/Ruby.framework/Versions/2.0/usr/lib/ruby/vendor_ruby/2.0.0/universal-darwin14
  14. /System/Library/Frameworks/Ruby.framework/Versions/2.0/usr/lib/ruby/vendor_ruby
  15. /System/Library/Frameworks/Ruby.framework/Versions/2.0/usr/lib/ruby/2.0.0
  16. /System/Library/Frameworks/Ruby.framework/Versions/2.0/usr/lib/ruby/2.0.0/x86_64-darwin14
  17. /System/Library/Frameworks/Ruby.framework/Versions/2.0/usr/lib/ruby/2.0.0/universal-darwin14
