New log file opened at Sat Mar 07 18:19:21 CST 2015 by 2006@Daniels-MacBook-Pro.local
jvm 2006@Daniels-MacBook-Pro.local
jvm vmName=Java HotSpot(TM) 64-Bit Server VM vmVendor=Oracle Corporation vmVersion=25.25-b02
jvm specName=Java Virtual Machine Specification specVendor=Oracle Corporation specVersion=1.8
jvm arguments: [-Xms256m, -Xmx1024m, -XX:MetaspaceSize=64m, -XX:MaxMetaspaceSize=256m]
Starting event engine
Starting sbt command engine
Waiting for sbt command engine
Command engine arguments=List()
Command engine baseDirectory=/Users/dandam/tutProjects/hello-scala
Command engine initial remaining commands List(--initialize, onFailure load-failed, boot, server-send-ready-for-request, server-handle-next-server-request)
> --initialize
> initialize
> onFailure load-failed
> boot
> reload
[Loading] Scanning directory /Users/dandam/tutProjects/hello-scala/project
[Loading] Found non-root projects 
[Loading] Done in /Users/dandam/tutProjects/hello-scala/project, returning: ()
deducing auto plugins based on known facts Set(Atom(sbt.plugins.CorePlugin)) and clauses Clauses(List(Clause(Atom(sbt.plugins.JvmPlugin),Set(Atom(sbt.plugins.IvyPlugin))), Clause(Atom(sbt.plugins.JUnitXmlReportPlugin),Set(Atom(sbt.plugins.JvmPlugin))), Clause(Atom(sbt.plugins.CorePlugin),Set(Atom(sbt.plugins.IvyPlugin))), Clause(Atom(sbt.plugins.IvyPlugin),Set(Atom(sbt.plugins.JvmPlugin))), Clause(Atom(sbt.plugins.JvmPlugin),Set(Atom(sbt.plugins.JUnitXmlReportPlugin)))))
  :: deduced result: Matched(sbt.plugins.CorePlugin,sbt.plugins.IvyPlugin,sbt.plugins.JvmPlugin,sbt.plugins.JUnitXmlReportPlugin)
sorting: ns: List(sbt.plugins.CorePlugin, sbt.plugins.IvyPlugin, sbt.plugins.JvmPlugin, sbt.plugins.JUnitXmlReportPlugin)
  :: sorting:: found: List(sbt.plugins.CorePlugin) not found List(sbt.plugins.IvyPlugin, sbt.plugins.JvmPlugin, sbt.plugins.JUnitXmlReportPlugin)
  :: sorting:: found: List(sbt.plugins.CorePlugin, sbt.plugins.IvyPlugin) not found List(sbt.plugins.JvmPlugin, sbt.plugins.JUnitXmlReportPlugin)
  :: sorting:: found: List(sbt.plugins.CorePlugin, sbt.plugins.IvyPlugin, sbt.plugins.JvmPlugin) not found List(sbt.plugins.JUnitXmlReportPlugin)
  :: sorting:: found: List(sbt.plugins.CorePlugin, sbt.plugins.IvyPlugin, sbt.plugins.JvmPlugin, sbt.plugins.JUnitXmlReportPlugin) not found List()
  :: sorted deduced result: List(sbt.plugins.CorePlugin, sbt.plugins.IvyPlugin, sbt.plugins.JvmPlugin, sbt.plugins.JUnitXmlReportPlugin)
[Loading] Done in /Users/dandam/tutProjects/hello-scala/project, returning: (hello-scala-build)
Loading project definition from /Users/dandam/tutProjects/hello-scala/project
Running task... Cancel: sbt.TaskCancellationStrategy$Null$@44330bce, check cycles: false

Initial source changes: 
	removed:Set()
	added: Set()
	modified: Set()
Removed products: Set()
External API changes: API Changes: Set()
Modified binary dependencies: Set()
Initial directly invalidated sources: Set()

Sources indirectly invalidated by:
	product: Set()
	binary dep: Set()
	external source: Set()
All initially invalidated sources: Set()

Copy resource mappings: 
	
[Loading] Scanning directory /Users/dandam/tutProjects/hello-scala
[Loading] Found non-root projects 
[Loading] Done in /Users/dandam/tutProjects/hello-scala, returning: ()
deducing auto plugins based on known facts Set(Atom(sbt.plugins.CorePlugin)) and clauses Clauses(List(Clause(Atom(sbt.plugins.JvmPlugin),Set(Atom(sbt.plugins.IvyPlugin))), Clause(Atom(sbt.plugins.JUnitXmlReportPlugin),Set(Atom(sbt.plugins.JvmPlugin))), Clause(Atom(play.sbt.forkrun.PlayForkRun),Set(Atom(sbt.plugins.BackgroundRunPlugin))), Clause(Atom(play.sbt.forkrun.PlayForkRun),Set(Atom(play.Play))), Clause(Atom(play.sbt.forkrun.PlayForkRun),Set(Atom(sbt.plugins.SerializersPlugin))), Clause(Atom(play.Play),Set(Atom(com.typesafe.sbt.webdriver.SbtWebDriver))), Clause(Atom(play.Play),Set(Atom(play.twirl.sbt.SbtTwirl))), Clause(Atom(play.Play),Set(Atom(com.typesafe.sbt.jse.SbtJsTask))), Clause(Atom(play.PlayJava),Set(Atom(play.Play))), Clause(Atom(play.PlayScala),Set(Atom(play.Play))), Clause(Atom(play.twirl.sbt.SbtTwirl),Set(Atom(sbt.plugins.JvmPlugin))), Clause(Atom(com.typesafe.sbt.jse.SbtJsEngine),Set(Atom(com.typesafe.sbt.web.SbtWeb))), Clause(Atom(com.typesafe.sbt.jse.SbtJsTask),Set(Atom(com.typesafe.sbt.jse.SbtJsEngine))), Clause(Atom(com.typesafe.sbt.webdriver.SbtWebDriver),Set(Atom(com.typesafe.sbt.web.SbtWeb))), Clause(Atom(sbt.plugins.BackgroundRunPlugin),Set(Atom(sbt.plugins.JvmPlugin))), Clause(Atom(sbt.plugins.CorePlugin),Set(Atom(sbt.plugins.IvyPlugin))), Clause(Atom(sbt.plugins.IvyPlugin),Set(Atom(sbt.plugins.JvmPlugin))), Clause(Atom(sbt.plugins.JvmPlugin),Set(Atom(sbt.plugins.JUnitXmlReportPlugin))), Clause(And(Set(Atom(sbt.plugins.BackgroundRunPlugin), Atom(play.Play), Atom(sbt.plugins.SerializersPlugin))),Set(Atom(play.sbt.forkrun.PlayForkRun))), Clause(Atom(com.typesafe.sbt.web.SbtWeb),Set(Atom(com.typesafe.sbt.jse.SbtJsEngine))), Clause(Atom(com.typesafe.sbt.jse.SbtJsEngine),Set(Atom(com.typesafe.sbt.jse.SbtJsTask))), Clause(Atom(com.typesafe.sbt.web.SbtWeb),Set(Atom(com.typesafe.sbt.webdriver.SbtWebDriver))), Clause(Atom(sbt.plugins.JvmPlugin),Set(Atom(sbt.plugins.BackgroundRunPlugin))), Clause(Atom(sbt.plugins.CorePlugin),Set(Atom(sbt.plugins.InteractionServicePlugin))), Clause(Atom(sbt.plugins.CorePlugin),Set(Atom(sbt.plugins.SendEventServicePlugin))), Clause(Atom(sbt.plugins.CorePlugin),Set(Atom(sbt.plugins.SerializersPlugin)))))
  :: deduced result: Matched(sbt.plugins.CorePlugin,sbt.plugins.SerializersPlugin,sbt.plugins.SendEventServicePlugin,sbt.plugins.InteractionServicePlugin,sbt.plugins.IvyPlugin,sbt.plugins.JvmPlugin,sbt.plugins.BackgroundRunPlugin,sbt.plugins.JUnitXmlReportPlugin)
sorting: ns: List(sbt.plugins.CorePlugin, sbt.plugins.SerializersPlugin, sbt.plugins.SendEventServicePlugin, sbt.plugins.InteractionServicePlugin, sbt.plugins.IvyPlugin, sbt.plugins.JvmPlugin, sbt.plugins.BackgroundRunPlugin, sbt.plugins.JUnitXmlReportPlugin)
  :: sorting:: found: List(sbt.plugins.CorePlugin) not found List(sbt.plugins.SerializersPlugin, sbt.plugins.SendEventServicePlugin, sbt.plugins.InteractionServicePlugin, sbt.plugins.IvyPlugin, sbt.plugins.JvmPlugin, sbt.plugins.BackgroundRunPlugin, sbt.plugins.JUnitXmlReportPlugin)
  :: sorting:: found: List(sbt.plugins.CorePlugin, sbt.plugins.SerializersPlugin, sbt.plugins.SendEventServicePlugin, sbt.plugins.InteractionServicePlugin, sbt.plugins.IvyPlugin) not found List(sbt.plugins.JvmPlugin, sbt.plugins.BackgroundRunPlugin, sbt.plugins.JUnitXmlReportPlugin)
  :: sorting:: found: List(sbt.plugins.CorePlugin, sbt.plugins.SerializersPlugin, sbt.plugins.SendEventServicePlugin, sbt.plugins.InteractionServicePlugin, sbt.plugins.IvyPlugin, sbt.plugins.JvmPlugin) not found List(sbt.plugins.BackgroundRunPlugin, sbt.plugins.JUnitXmlReportPlugin)
  :: sorting:: found: List(sbt.plugins.CorePlugin, sbt.plugins.SerializersPlugin, sbt.plugins.SendEventServicePlugin, sbt.plugins.InteractionServicePlugin, sbt.plugins.IvyPlugin, sbt.plugins.JvmPlugin, sbt.plugins.BackgroundRunPlugin, sbt.plugins.JUnitXmlReportPlugin) not found List()
  :: sorted deduced result: List(sbt.plugins.CorePlugin, sbt.plugins.SerializersPlugin, sbt.plugins.SendEventServicePlugin, sbt.plugins.InteractionServicePlugin, sbt.plugins.IvyPlugin, sbt.plugins.JvmPlugin, sbt.plugins.BackgroundRunPlugin, sbt.plugins.JUnitXmlReportPlugin)
[Loading] Done in /Users/dandam/tutProjects/hello-scala, returning: (hello-scala)
Set current project to hello-scala (in build file:/Users/dandam/tutProjects/hello-scala/)
Reapplying settings...
Set current project to hello-scala (in build file:/Users/dandam/tutProjects/hello-scala/)
> iflast shell
> server-send-ready-for-request
> server-handle-next-server-request
> {file:/Users/dandam/tutProjects/hello-scala/}hello-scala/compile:discoveredMainClasses
Evaluating tasks: compile:discoveredMainClasses
Running task... Cancel: sbt.server.ServerTaskCancellation@718d7ca2, check cycles: false
Read from stdout: Updating {file:/Users/dandam/tutProjects/hello-scala/}hello-scala...
Updating {file:/Users/dandam/tutProjects/hello-scala/}hello-scala...
Other repositories:
Default repositories:
Using inline dependencies specified in Scala.
:: resolving dependencies :: default#hello-scala_2.11;1.0
	confs: [compile, runtime, test, provided, optional, compile-internal, runtime-internal, test-internal, plugin, sources, docs, pom, scala-tool]
	validate = true
	refresh = false
resolving dependencies for configuration 'compile'
== resolving dependencies for default#hello-scala_2.11;1.0 [compile]
== resolving dependencies default#hello-scala_2.11;1.0->org.scala-lang#scala-library;2.11.1 [compile->default(compile)]
Read from stdout: Resolving org.scala-lang#scala-library;2.11.1 ...
Resolving org.scala-lang#scala-library;2.11.1 ...
sbt-chain: Checking cache for: sbt.ivyint.MergedDescriptors@2cf8677b
sbt-chain: module revision found in cache: org.scala-lang#scala-library;2.11.1
	found org.scala-lang#scala-library;2.11.1 in sbt-chain
	[2.11.1] org.scala-lang#scala-library;2.11.1
== resolving dependencies default#hello-scala_2.11;1.0->org.scala-lang#scala-library;2.11.1 [compile->runtime]
== resolving dependencies default#hello-scala_2.11;1.0->org.scala-lang#scala-library;2.11.1 [compile->compile]
== resolving dependencies default#hello-scala_2.11;1.0->org.scala-lang#scala-library;2.11.1 [compile->master]
resolving dependencies for configuration 'runtime'
== resolving dependencies for default#hello-scala_2.11;1.0 [runtime]
== resolving dependencies for default#hello-scala_2.11;1.0 [compile]
== resolving dependencies default#hello-scala_2.11;1.0->org.scala-lang#scala-library;2.11.1 [compile->default(compile)]
== resolving dependencies default#hello-scala_2.11;1.0->org.scala-lang#scala-library;2.11.1 [compile->runtime]
== resolving dependencies default#hello-scala_2.11;1.0->org.scala-lang#scala-library;2.11.1 [compile->compile]
== resolving dependencies default#hello-scala_2.11;1.0->org.scala-lang#scala-library;2.11.1 [compile->master]
resolving dependencies for configuration 'test'
== resolving dependencies for default#hello-scala_2.11;1.0 [test]
== resolving dependencies for default#hello-scala_2.11;1.0 [runtime]
== resolving dependencies for default#hello-scala_2.11;1.0 [compile]
== resolving dependencies default#hello-scala_2.11;1.0->org.scala-lang#scala-library;2.11.1 [compile->default(compile)]
== resolving dependencies default#hello-scala_2.11;1.0->org.scala-lang#scala-library;2.11.1 [compile->runtime]
== resolving dependencies default#hello-scala_2.11;1.0->org.scala-lang#scala-library;2.11.1 [compile->compile]
== resolving dependencies default#hello-scala_2.11;1.0->org.scala-lang#scala-library;2.11.1 [compile->master]
== resolving dependencies default#hello-scala_2.11;1.0->org.scalatest#scalatest_2.11;2.1.6 [test->default(compile)]
Read from stdout: Resolving org.scalatest#scalatest_2.11;2.1.6 ...
Resolving org.scalatest#scalatest_2.11;2.1.6 ...
sbt-chain: Checking cache for: dependency: org.scalatest#scalatest_2.11;2.1.6 {test=[default(compile)]}
sbt-chain: module revision found in cache: org.scalatest#scalatest_2.11;2.1.6
	found org.scalatest#scalatest_2.11;2.1.6 in sbt-chain
== resolving dependencies default#hello-scala_2.11;1.0->org.scalatest#scalatest_2.11;2.1.6 [test->runtime]
== resolving dependencies default#hello-scala_2.11;1.0->org.scalatest#scalatest_2.11;2.1.6 [test->compile]
== resolving dependencies org.scalatest#scalatest_2.11;2.1.6->org.scala-lang#scala-library;2.11.0 [compile->master(*)]
== resolving dependencies org.scalatest#scalatest_2.11;2.1.6->org.scala-lang#scala-library;2.11.1 [compile->master(*)]
== resolving dependencies org.scalatest#scalatest_2.11;2.1.6->org.scala-lang#scala-library;2.11.0 [compile->compile(*)]
== resolving dependencies org.scalatest#scalatest_2.11;2.1.6->org.scala-lang#scala-library;2.11.1 [compile->compile(*)]
== resolving dependencies org.scalatest#scalatest_2.11;2.1.6->org.scala-lang#scala-reflect;2.11.0 [compile->master(*)]
Read from stdout: Resolving org.scala-lang#scala-reflect;2.11.0 ...
Resolving org.scala-lang#scala-reflect;2.11.0 ...
sbt-chain: Checking cache for: dependency: org.scala-lang#scala-reflect;2.11.0 {compile=[compile(*), master(*)], runtime=[runtime(*)]}
sbt-chain: module revision found in cache: org.scala-lang#scala-reflect;2.11.0
	found org.scala-lang#scala-reflect;2.11.0 in sbt-chain
	[2.11.0] org.scala-lang#scala-reflect;2.11.0
== resolving dependencies org.scalatest#scalatest_2.11;2.1.6->org.scala-lang#scala-reflect;2.11.0 [compile->compile(*)]
== resolving dependencies org.scala-lang#scala-reflect;2.11.0->org.scala-lang#scala-library;2.11.0 [compile->master(*)]
== resolving dependencies org.scala-lang#scala-reflect;2.11.0->org.scala-lang#scala-library;2.11.1 [compile->master(*)]
== resolving dependencies org.scala-lang#scala-reflect;2.11.0->org.scala-lang#scala-library;2.11.0 [compile->compile(*)]
== resolving dependencies org.scala-lang#scala-reflect;2.11.0->org.scala-lang#scala-library;2.11.1 [compile->compile(*)]
== resolving dependencies org.scalatest#scalatest_2.11;2.1.6->org.scala-lang#scala-reflect;2.11.0 [compile->runtime(*)]
== resolving dependencies org.scalatest#scalatest_2.11;2.1.6->org.scala-lang#scala-reflect;2.11.0 [compile->compile]
== resolving dependencies org.scala-lang#scala-reflect;2.11.0->org.scala-lang#scala-library;2.11.0 [runtime->runtime(*)]
== resolving dependencies org.scala-lang#scala-reflect;2.11.0->org.scala-lang#scala-library;2.11.1 [runtime->runtime(*)]
== resolving dependencies org.scala-lang#scala-reflect;2.11.0->org.scala-lang#scala-library;2.11.1 [runtime->compile]
== resolving dependencies org.scalatest#scalatest_2.11;2.1.6->org.scala-lang.modules#scala-parser-combinators_2.11;1.0.1 [compile->master(*)]
Read from stdout: Resolving org.scala-lang.modules#scala-parser-combinators_2.11;1.0.1 ...
Resolving org.scala-lang.modules#scala-parser-combinators_2.11;1.0.1 ...
sbt-chain: Checking cache for: dependency: org.scala-lang.modules#scala-parser-combinators_2.11;1.0.1 {compile=[compile(*), master(*)], runtime=[runtime(*)]}
sbt-chain: module revision found in cache: org.scala-lang.modules#scala-parser-combinators_2.11;1.0.1
	found org.scala-lang.modules#scala-parser-combinators_2.11;1.0.1 in sbt-chain
== resolving dependencies org.scalatest#scalatest_2.11;2.1.6->org.scala-lang.modules#scala-parser-combinators_2.11;1.0.1 [compile->compile(*)]
== resolving dependencies org.scala-lang.modules#scala-parser-combinators_2.11;1.0.1->org.scala-lang#scala-library;2.11.0 [compile->master(*)]
== resolving dependencies org.scala-lang.modules#scala-parser-combinators_2.11;1.0.1->org.scala-lang#scala-library;2.11.1 [compile->master(*)]
== resolving dependencies org.scala-lang.modules#scala-parser-combinators_2.11;1.0.1->org.scala-lang#scala-library;2.11.0 [compile->compile(*)]
== resolving dependencies org.scala-lang.modules#scala-parser-combinators_2.11;1.0.1->org.scala-lang#scala-library;2.11.1 [compile->compile(*)]
== resolving dependencies org.scalatest#scalatest_2.11;2.1.6->org.scala-lang.modules#scala-parser-combinators_2.11;1.0.1 [compile->runtime(*)]
== resolving dependencies org.scalatest#scalatest_2.11;2.1.6->org.scala-lang.modules#scala-parser-combinators_2.11;1.0.1 [compile->compile]
== resolving dependencies org.scala-lang.modules#scala-parser-combinators_2.11;1.0.1->org.scala-lang#scala-library;2.11.0 [runtime->runtime(*)]
== resolving dependencies org.scala-lang.modules#scala-parser-combinators_2.11;1.0.1->org.scala-lang#scala-library;2.11.1 [runtime->runtime(*)]
== resolving dependencies org.scala-lang.modules#scala-parser-combinators_2.11;1.0.1->org.scala-lang#scala-library;2.11.1 [runtime->compile]
== resolving dependencies org.scalatest#scalatest_2.11;2.1.6->org.scala-lang.modules#scala-xml_2.11;1.0.1 [compile->master(*)]
Read from stdout: Resolving org.scala-lang.modules#scala-xml_2.11;1.0.1 ...
Resolving org.scala-lang.modules#scala-xml_2.11;1.0.1 ...
sbt-chain: Checking cache for: dependency: org.scala-lang.modules#scala-xml_2.11;1.0.1 {compile=[compile(*), master(*)], runtime=[runtime(*)]}
sbt-chain: module revision found in cache: org.scala-lang.modules#scala-xml_2.11;1.0.1
	found org.scala-lang.modules#scala-xml_2.11;1.0.1 in sbt-chain
== resolving dependencies org.scalatest#scalatest_2.11;2.1.6->org.scala-lang.modules#scala-xml_2.11;1.0.1 [compile->compile(*)]
== resolving dependencies org.scala-lang.modules#scala-xml_2.11;1.0.1->org.scala-lang#scala-library;2.11.0 [compile->master(*)]
== resolving dependencies org.scala-lang.modules#scala-xml_2.11;1.0.1->org.scala-lang#scala-library;2.11.1 [compile->master(*)]
== resolving dependencies org.scala-lang.modules#scala-xml_2.11;1.0.1->org.scala-lang#scala-library;2.11.0 [compile->compile(*)]
== resolving dependencies org.scala-lang.modules#scala-xml_2.11;1.0.1->org.scala-lang#scala-library;2.11.1 [compile->compile(*)]
== resolving dependencies org.scalatest#scalatest_2.11;2.1.6->org.scala-lang.modules#scala-xml_2.11;1.0.1 [compile->runtime(*)]
== resolving dependencies org.scalatest#scalatest_2.11;2.1.6->org.scala-lang.modules#scala-xml_2.11;1.0.1 [compile->compile]
== resolving dependencies org.scala-lang.modules#scala-xml_2.11;1.0.1->org.scala-lang#scala-library;2.11.0 [runtime->runtime(*)]
== resolving dependencies org.scala-lang.modules#scala-xml_2.11;1.0.1->org.scala-lang#scala-library;2.11.1 [runtime->runtime(*)]
== resolving dependencies org.scala-lang.modules#scala-xml_2.11;1.0.1->org.scala-lang#scala-library;2.11.1 [runtime->compile]
== resolving dependencies org.scalatest#scalatest_2.11;2.1.6->org.scala-lang#scala-library;2.11.0 [runtime->runtime(*)]
== resolving dependencies org.scalatest#scalatest_2.11;2.1.6->org.scala-lang#scala-library;2.11.1 [runtime->runtime(*)]
== resolving dependencies org.scalatest#scalatest_2.11;2.1.6->org.scala-lang#scala-library;2.11.1 [runtime->compile]
== resolving dependencies org.scalatest#scalatest_2.11;2.1.6->org.scala-lang#scala-reflect;2.11.0 [runtime->runtime(*)]
== resolving dependencies org.scalatest#scalatest_2.11;2.1.6->org.scala-lang#scala-reflect;2.11.0 [runtime->compile]
== resolving dependencies org.scalatest#scalatest_2.11;2.1.6->org.scala-lang.modules#scala-parser-combinators_2.11;1.0.1 [runtime->runtime(*)]
== resolving dependencies org.scalatest#scalatest_2.11;2.1.6->org.scala-lang.modules#scala-parser-combinators_2.11;1.0.1 [runtime->compile]
== resolving dependencies org.scalatest#scalatest_2.11;2.1.6->org.scala-lang.modules#scala-xml_2.11;1.0.1 [runtime->runtime(*)]
== resolving dependencies org.scalatest#scalatest_2.11;2.1.6->org.scala-lang.modules#scala-xml_2.11;1.0.1 [runtime->compile]
== resolving dependencies default#hello-scala_2.11;1.0->org.scalatest#scalatest_2.11;2.1.6 [test->master]
resolving dependencies for configuration 'provided'
== resolving dependencies for default#hello-scala_2.11;1.0 [provided]
resolving dependencies for configuration 'optional'
== resolving dependencies for default#hello-scala_2.11;1.0 [optional]
resolving dependencies for configuration 'compile-internal'
== resolving dependencies for default#hello-scala_2.11;1.0 [compile-internal]
== resolving dependencies for default#hello-scala_2.11;1.0 [compile]
== resolving dependencies default#hello-scala_2.11;1.0->org.scala-lang#scala-library;2.11.1 [compile->default(compile)]
== resolving dependencies default#hello-scala_2.11;1.0->org.scala-lang#scala-library;2.11.1 [compile->runtime]
== resolving dependencies default#hello-scala_2.11;1.0->org.scala-lang#scala-library;2.11.1 [compile->compile]
== resolving dependencies default#hello-scala_2.11;1.0->org.scala-lang#scala-library;2.11.1 [compile->master]
== resolving dependencies for default#hello-scala_2.11;1.0 [optional]
== resolving dependencies for default#hello-scala_2.11;1.0 [provided]
resolving dependencies for configuration 'runtime-internal'
== resolving dependencies for default#hello-scala_2.11;1.0 [runtime-internal]
== resolving dependencies for default#hello-scala_2.11;1.0 [runtime]
== resolving dependencies for default#hello-scala_2.11;1.0 [compile]
== resolving dependencies default#hello-scala_2.11;1.0->org.scala-lang#scala-library;2.11.1 [compile->default(compile)]
== resolving dependencies default#hello-scala_2.11;1.0->org.scala-lang#scala-library;2.11.1 [compile->runtime]
== resolving dependencies default#hello-scala_2.11;1.0->org.scala-lang#scala-library;2.11.1 [compile->compile]
== resolving dependencies default#hello-scala_2.11;1.0->org.scala-lang#scala-library;2.11.1 [compile->master]
== resolving dependencies for default#hello-scala_2.11;1.0 [optional]
resolving dependencies for configuration 'test-internal'
== resolving dependencies for default#hello-scala_2.11;1.0 [test-internal]
== resolving dependencies for default#hello-scala_2.11;1.0 [test]
== resolving dependencies for default#hello-scala_2.11;1.0 [runtime]
== resolving dependencies for default#hello-scala_2.11;1.0 [compile]
== resolving dependencies default#hello-scala_2.11;1.0->org.scala-lang#scala-library;2.11.1 [compile->default(compile)]
== resolving dependencies default#hello-scala_2.11;1.0->org.scala-lang#scala-library;2.11.1 [compile->runtime]
== resolving dependencies default#hello-scala_2.11;1.0->org.scala-lang#scala-library;2.11.1 [compile->compile]
== resolving dependencies default#hello-scala_2.11;1.0->org.scala-lang#scala-library;2.11.1 [compile->master]
== resolving dependencies default#hello-scala_2.11;1.0->org.scalatest#scalatest_2.11;2.1.6 [test->default(compile)]
== resolving dependencies default#hello-scala_2.11;1.0->org.scalatest#scalatest_2.11;2.1.6 [test->runtime]
== resolving dependencies default#hello-scala_2.11;1.0->org.scalatest#scalatest_2.11;2.1.6 [test->compile]
== resolving dependencies org.scalatest#scalatest_2.11;2.1.6->org.scala-lang#scala-library;2.11.0 [compile->master(*)]
== resolving dependencies org.scalatest#scalatest_2.11;2.1.6->org.scala-lang#scala-library;2.11.1 [compile->master(*)]
== resolving dependencies org.scalatest#scalatest_2.11;2.1.6->org.scala-lang#scala-library;2.11.0 [compile->compile(*)]
== resolving dependencies org.scalatest#scalatest_2.11;2.1.6->org.scala-lang#scala-library;2.11.1 [compile->compile(*)]
== resolving dependencies org.scalatest#scalatest_2.11;2.1.6->org.scala-lang#scala-reflect;2.11.0 [compile->master(*)]
== resolving dependencies org.scalatest#scalatest_2.11;2.1.6->org.scala-lang#scala-reflect;2.11.0 [compile->compile(*)]
== resolving dependencies org.scala-lang#scala-reflect;2.11.0->org.scala-lang#scala-library;2.11.0 [compile->master(*)]
== resolving dependencies org.scala-lang#scala-reflect;2.11.0->org.scala-lang#scala-library;2.11.1 [compile->master(*)]
== resolving dependencies org.scala-lang#scala-reflect;2.11.0->org.scala-lang#scala-library;2.11.0 [compile->compile(*)]
== resolving dependencies org.scala-lang#scala-reflect;2.11.0->org.scala-lang#scala-library;2.11.1 [compile->compile(*)]
== resolving dependencies org.scalatest#scalatest_2.11;2.1.6->org.scala-lang.modules#scala-parser-combinators_2.11;1.0.1 [compile->master(*)]
== resolving dependencies org.scalatest#scalatest_2.11;2.1.6->org.scala-lang.modules#scala-parser-combinators_2.11;1.0.1 [compile->compile(*)]
== resolving dependencies org.scala-lang.modules#scala-parser-combinators_2.11;1.0.1->org.scala-lang#scala-library;2.11.0 [compile->master(*)]
== resolving dependencies org.scala-lang.modules#scala-parser-combinators_2.11;1.0.1->org.scala-lang#scala-library;2.11.1 [compile->master(*)]
== resolving dependencies org.scala-lang.modules#scala-parser-combinators_2.11;1.0.1->org.scala-lang#scala-library;2.11.0 [compile->compile(*)]
== resolving dependencies org.scala-lang.modules#scala-parser-combinators_2.11;1.0.1->org.scala-lang#scala-library;2.11.1 [compile->compile(*)]
== resolving dependencies org.scalatest#scalatest_2.11;2.1.6->org.scala-lang.modules#scala-xml_2.11;1.0.1 [compile->master(*)]
== resolving dependencies org.scalatest#scalatest_2.11;2.1.6->org.scala-lang.modules#scala-xml_2.11;1.0.1 [compile->compile(*)]
== resolving dependencies org.scala-lang.modules#scala-xml_2.11;1.0.1->org.scala-lang#scala-library;2.11.0 [compile->master(*)]
== resolving dependencies org.scala-lang.modules#scala-xml_2.11;1.0.1->org.scala-lang#scala-library;2.11.1 [compile->master(*)]
== resolving dependencies org.scala-lang.modules#scala-xml_2.11;1.0.1->org.scala-lang#scala-library;2.11.0 [compile->compile(*)]
== resolving dependencies org.scala-lang.modules#scala-xml_2.11;1.0.1->org.scala-lang#scala-library;2.11.1 [compile->compile(*)]
== resolving dependencies org.scalatest#scalatest_2.11;2.1.6->org.scala-lang#scala-library;2.11.0 [runtime->runtime(*)]
== resolving dependencies org.scalatest#scalatest_2.11;2.1.6->org.scala-lang#scala-library;2.11.1 [runtime->runtime(*)]
== resolving dependencies org.scalatest#scalatest_2.11;2.1.6->org.scala-lang#scala-library;2.11.1 [runtime->compile]
== resolving dependencies org.scalatest#scalatest_2.11;2.1.6->org.scala-lang#scala-reflect;2.11.0 [runtime->runtime(*)]
== resolving dependencies org.scalatest#scalatest_2.11;2.1.6->org.scala-lang#scala-reflect;2.11.0 [runtime->compile]
== resolving dependencies org.scala-lang#scala-reflect;2.11.0->org.scala-lang#scala-library;2.11.0 [runtime->runtime(*)]
== resolving dependencies org.scala-lang#scala-reflect;2.11.0->org.scala-lang#scala-library;2.11.1 [runtime->runtime(*)]
== resolving dependencies org.scala-lang#scala-reflect;2.11.0->org.scala-lang#scala-library;2.11.1 [runtime->compile]
== resolving dependencies org.scalatest#scalatest_2.11;2.1.6->org.scala-lang.modules#scala-parser-combinators_2.11;1.0.1 [runtime->runtime(*)]
== resolving dependencies org.scalatest#scalatest_2.11;2.1.6->org.scala-lang.modules#scala-parser-combinators_2.11;1.0.1 [runtime->compile]
== resolving dependencies org.scala-lang.modules#scala-parser-combinators_2.11;1.0.1->org.scala-lang#scala-library;2.11.0 [runtime->runtime(*)]
== resolving dependencies org.scala-lang.modules#scala-parser-combinators_2.11;1.0.1->org.scala-lang#scala-library;2.11.1 [runtime->runtime(*)]
== resolving dependencies org.scala-lang.modules#scala-parser-combinators_2.11;1.0.1->org.scala-lang#scala-library;2.11.1 [runtime->compile]
== resolving dependencies org.scalatest#scalatest_2.11;2.1.6->org.scala-lang.modules#scala-xml_2.11;1.0.1 [runtime->runtime(*)]
== resolving dependencies org.scalatest#scalatest_2.11;2.1.6->org.scala-lang.modules#scala-xml_2.11;1.0.1 [runtime->compile]
== resolving dependencies org.scala-lang.modules#scala-xml_2.11;1.0.1->org.scala-lang#scala-library;2.11.0 [runtime->runtime(*)]
== resolving dependencies org.scala-lang.modules#scala-xml_2.11;1.0.1->org.scala-lang#scala-library;2.11.1 [runtime->runtime(*)]
== resolving dependencies org.scala-lang.modules#scala-xml_2.11;1.0.1->org.scala-lang#scala-library;2.11.1 [runtime->compile]
== resolving dependencies default#hello-scala_2.11;1.0->org.scalatest#scalatest_2.11;2.1.6 [test->master]
== resolving dependencies for default#hello-scala_2.11;1.0 [optional]
== resolving dependencies for default#hello-scala_2.11;1.0 [provided]
resolving dependencies for configuration 'plugin'
== resolving dependencies for default#hello-scala_2.11;1.0 [plugin]
resolving dependencies for configuration 'sources'
== resolving dependencies for default#hello-scala_2.11;1.0 [sources]
resolving dependencies for configuration 'docs'
== resolving dependencies for default#hello-scala_2.11;1.0 [docs]
resolving dependencies for configuration 'pom'
== resolving dependencies for default#hello-scala_2.11;1.0 [pom]
resolving dependencies for configuration 'scala-tool'
== resolving dependencies for default#hello-scala_2.11;1.0 [scala-tool]
== resolving dependencies default#hello-scala_2.11;1.0->org.scala-lang#scala-compiler;2.11.1 [scala-tool->default]
Read from stdout: Resolving org.scala-lang#scala-compiler;2.11.1 ...
Resolving org.scala-lang#scala-compiler;2.11.1 ...
sbt-chain: Checking cache for: dependency: org.scala-lang#scala-compiler;2.11.1 {scala-tool=[default, optional(default)]}
sbt-chain: module revision found in cache: org.scala-lang#scala-compiler;2.11.1
	found org.scala-lang#scala-compiler;2.11.1 in sbt-chain
== resolving dependencies default#hello-scala_2.11;1.0->org.scala-lang#scala-compiler;2.11.1 [scala-tool->runtime]
== resolving dependencies default#hello-scala_2.11;1.0->org.scala-lang#scala-compiler;2.11.1 [scala-tool->compile]
== resolving dependencies org.scala-lang#scala-compiler;2.11.1->org.scala-lang#scala-library;2.11.1 [compile->master(*)]
== resolving dependencies org.scala-lang#scala-compiler;2.11.1->org.scala-lang#scala-library;2.11.1 [compile->compile(*)]
== resolving dependencies org.scala-lang#scala-compiler;2.11.1->org.scala-lang#scala-library;2.11.1 [compile->default]
== resolving dependencies org.scala-lang#scala-compiler;2.11.1->org.scala-lang#scala-library;2.11.1 [compile->runtime]
== resolving dependencies org.scala-lang#scala-compiler;2.11.1->org.scala-lang#scala-library;2.11.1 [compile->compile]
== resolving dependencies org.scala-lang#scala-compiler;2.11.1->org.scala-lang#scala-library;2.11.1 [compile->master]
== resolving dependencies org.scala-lang#scala-compiler;2.11.1->org.scala-lang#scala-library;2.11.1 [compile->optional(default)]
== resolving dependencies org.scala-lang#scala-compiler;2.11.1->org.scala-lang#scala-reflect;2.11.1 [compile->master(*)]
Read from stdout: Resolving org.scala-lang#scala-reflect;2.11.1 ...
Resolving org.scala-lang#scala-reflect;2.11.1 ...
sbt-chain: Checking cache for: dependency: org.scala-lang#scala-reflect;2.11.1 {compile=[compile(*), master(*)], runtime=[runtime(*)]}
sbt-chain: module revision found in cache: org.scala-lang#scala-reflect;2.11.1
	found org.scala-lang#scala-reflect;2.11.1 in sbt-chain
	[2.11.1] org.scala-lang#scala-reflect;2.11.1
== resolving dependencies org.scala-lang#scala-compiler;2.11.1->org.scala-lang#scala-reflect;2.11.1 [compile->compile(*)]
== resolving dependencies org.scala-lang#scala-reflect;2.11.1->org.scala-lang#scala-library;2.11.1 [compile->master(*)]
== resolving dependencies org.scala-lang#scala-reflect;2.11.1->org.scala-lang#scala-library;2.11.1 [compile->compile(*)]
== resolving dependencies org.scala-lang#scala-compiler;2.11.1->org.scala-lang#scala-reflect;2.11.1 [compile->runtime(*)]
== resolving dependencies org.scala-lang#scala-compiler;2.11.1->org.scala-lang#scala-reflect;2.11.1 [compile->compile]
== resolving dependencies org.scala-lang#scala-reflect;2.11.1->org.scala-lang#scala-library;2.11.1 [runtime->runtime(*)]
== resolving dependencies org.scala-lang#scala-reflect;2.11.1->org.scala-lang#scala-library;2.11.1 [runtime->compile]
== resolving dependencies org.scala-lang#scala-compiler;2.11.1->org.scala-lang.modules#scala-xml_2.11;1.0.2 [compile->master(*)]
Read from stdout: Resolving org.scala-lang.modules#scala-xml_2.11;1.0.2 ...
Resolving org.scala-lang.modules#scala-xml_2.11;1.0.2 ...
sbt-chain: Checking cache for: dependency: org.scala-lang.modules#scala-xml_2.11;1.0.2 {compile=[compile(*), master(*)], runtime=[runtime(*)]}
sbt-chain: module revision found in cache: org.scala-lang.modules#scala-xml_2.11;1.0.2
	found org.scala-lang.modules#scala-xml_2.11;1.0.2 in sbt-chain
== resolving dependencies org.scala-lang#scala-compiler;2.11.1->org.scala-lang.modules#scala-xml_2.11;1.0.2 [compile->compile(*)]
== resolving dependencies org.scala-lang.modules#scala-xml_2.11;1.0.2->org.scala-lang#scala-library;2.11.1 [compile->master(*)]
== resolving dependencies org.scala-lang.modules#scala-xml_2.11;1.0.2->org.scala-lang#scala-library;2.11.1 [compile->compile(*)]
== resolving dependencies org.scala-lang#scala-compiler;2.11.1->org.scala-lang.modules#scala-xml_2.11;1.0.2 [compile->runtime(*)]
== resolving dependencies org.scala-lang#scala-compiler;2.11.1->org.scala-lang.modules#scala-xml_2.11;1.0.2 [compile->compile]
== resolving dependencies org.scala-lang.modules#scala-xml_2.11;1.0.2->org.scala-lang#scala-library;2.11.1 [runtime->runtime(*)]
== resolving dependencies org.scala-lang.modules#scala-xml_2.11;1.0.2->org.scala-lang#scala-library;2.11.1 [runtime->compile]
== resolving dependencies org.scala-lang#scala-compiler;2.11.1->org.scala-lang.modules#scala-parser-combinators_2.11;1.0.1 [compile->master(*)]
== resolving dependencies org.scala-lang#scala-compiler;2.11.1->org.scala-lang.modules#scala-parser-combinators_2.11;1.0.1 [compile->compile(*)]
== resolving dependencies org.scala-lang.modules#scala-parser-combinators_2.11;1.0.1->org.scala-lang#scala-library;2.11.0 [compile->master(*)]
== resolving dependencies org.scala-lang.modules#scala-parser-combinators_2.11;1.0.1->org.scala-lang#scala-library;2.11.1 [compile->master(*)]
== resolving dependencies org.scala-lang.modules#scala-parser-combinators_2.11;1.0.1->org.scala-lang#scala-library;2.11.0 [compile->compile(*)]
== resolving dependencies org.scala-lang.modules#scala-parser-combinators_2.11;1.0.1->org.scala-lang#scala-library;2.11.1 [compile->compile(*)]
== resolving dependencies org.scala-lang#scala-compiler;2.11.1->org.scala-lang#scala-library;2.11.1 [runtime->runtime(*)]
== resolving dependencies org.scala-lang#scala-compiler;2.11.1->org.scala-lang#scala-library;2.11.1 [runtime->compile]
== resolving dependencies org.scala-lang#scala-compiler;2.11.1->org.scala-lang#scala-reflect;2.11.1 [runtime->runtime(*)]
== resolving dependencies org.scala-lang#scala-compiler;2.11.1->org.scala-lang#scala-reflect;2.11.1 [runtime->compile]
== resolving dependencies org.scala-lang#scala-compiler;2.11.1->org.scala-lang.modules#scala-xml_2.11;1.0.2 [runtime->runtime(*)]
== resolving dependencies org.scala-lang#scala-compiler;2.11.1->org.scala-lang.modules#scala-xml_2.11;1.0.2 [runtime->compile]
== resolving dependencies org.scala-lang#scala-compiler;2.11.1->org.scala-lang.modules#scala-parser-combinators_2.11;1.0.1 [runtime->runtime(*)]
== resolving dependencies org.scala-lang#scala-compiler;2.11.1->org.scala-lang.modules#scala-parser-combinators_2.11;1.0.1 [runtime->compile]
== resolving dependencies org.scala-lang.modules#scala-parser-combinators_2.11;1.0.1->org.scala-lang#scala-library;2.11.0 [runtime->runtime(*)]
== resolving dependencies org.scala-lang.modules#scala-parser-combinators_2.11;1.0.1->org.scala-lang#scala-library;2.11.1 [runtime->runtime(*)]
== resolving dependencies org.scala-lang.modules#scala-parser-combinators_2.11;1.0.1->org.scala-lang#scala-library;2.11.1 [runtime->compile]
== resolving dependencies default#hello-scala_2.11;1.0->org.scala-lang#scala-compiler;2.11.1 [scala-tool->master]
== resolving dependencies default#hello-scala_2.11;1.0->org.scala-lang#scala-compiler;2.11.1 [scala-tool->optional(default)]
== resolving dependencies org.scala-lang#scala-compiler;2.11.1->jline#jline;2.11 [optional->master(*)]
Read from stdout: Resolving jline#jline;2.11 ...
Resolving jline#jline;2.11 ...
sbt-chain: Checking cache for: dependency: jline#jline;2.11 {optional=[compile(*), master(*)]}
sbt-chain: module revision found in cache: jline#jline;2.11
	found jline#jline;2.11 in sbt-chain
== resolving dependencies org.scala-lang#scala-compiler;2.11.1->jline#jline;2.11 [optional->compile(*)]
== resolving dependencies default#hello-scala_2.11;1.0->org.scala-lang#scala-library;2.11.1 [scala-tool->default]
== resolving dependencies default#hello-scala_2.11;1.0->org.scala-lang#scala-library;2.11.1 [scala-tool->runtime]
== resolving dependencies default#hello-scala_2.11;1.0->org.scala-lang#scala-library;2.11.1 [scala-tool->compile]
== resolving dependencies default#hello-scala_2.11;1.0->org.scala-lang#scala-library;2.11.1 [scala-tool->master]
== resolving dependencies default#hello-scala_2.11;1.0->org.scala-lang#scala-library;2.11.1 [scala-tool->optional(default)]
circular dependency found: org.scala-lang#scala-compiler;2.11.1->org.scala-lang.modules#scala-xml_2.11;1.0.2->...
	resolved ivy file produced in cache
:: downloading artifacts ::
	[NOT REQUIRED] org.scala-lang#scala-library;2.11.1!scala-library.jar
	[NOT REQUIRED] org.scalatest#scalatest_2.11;2.1.6!scalatest_2.11.jar
	[NOT REQUIRED] org.scala-lang#scala-reflect;2.11.0!scala-reflect.jar
	[NOT REQUIRED] org.scala-lang.modules#scala-parser-combinators_2.11;1.0.1!scala-parser-combinators_2.11.jar(bundle)
	[NOT REQUIRED] org.scala-lang.modules#scala-xml_2.11;1.0.1!scala-xml_2.11.jar(bundle)
	[NOT REQUIRED] org.scala-lang#scala-compiler;2.11.1!scala-compiler.jar
	[NOT REQUIRED] org.scala-lang#scala-reflect;2.11.1!scala-reflect.jar
	[NOT REQUIRED] org.scala-lang.modules#scala-xml_2.11;1.0.2!scala-xml_2.11.jar(bundle)
	[NOT REQUIRED] jline#jline;2.11!jline.jar
:: resolution report :: resolve 606ms :: artifacts dl 20ms
	report for default#hello-scala_2.11;1.0 compile produced in /Users/dandam/tutProjects/hello-scala/target/resolution-cache/reports/default-hello-scala_2.11-compile.xml
	report for default#hello-scala_2.11;1.0 runtime produced in /Users/dandam/tutProjects/hello-scala/target/resolution-cache/reports/default-hello-scala_2.11-runtime.xml
	report for default#hello-scala_2.11;1.0 test produced in /Users/dandam/tutProjects/hello-scala/target/resolution-cache/reports/default-hello-scala_2.11-test.xml
	report for default#hello-scala_2.11;1.0 provided produced in /Users/dandam/tutProjects/hello-scala/target/resolution-cache/reports/default-hello-scala_2.11-provided.xml
	report for default#hello-scala_2.11;1.0 optional produced in /Users/dandam/tutProjects/hello-scala/target/resolution-cache/reports/default-hello-scala_2.11-optional.xml
	report for default#hello-scala_2.11;1.0 compile-internal produced in /Users/dandam/tutProjects/hello-scala/target/resolution-cache/reports/default-hello-scala_2.11-compile-internal.xml
	report for default#hello-scala_2.11;1.0 runtime-internal produced in /Users/dandam/tutProjects/hello-scala/target/resolution-cache/reports/default-hello-scala_2.11-runtime-internal.xml
	report for default#hello-scala_2.11;1.0 test-internal produced in /Users/dandam/tutProjects/hello-scala/target/resolution-cache/reports/default-hello-scala_2.11-test-internal.xml
	report for default#hello-scala_2.11;1.0 plugin produced in /Users/dandam/tutProjects/hello-scala/target/resolution-cache/reports/default-hello-scala_2.11-plugin.xml
	report for default#hello-scala_2.11;1.0 sources produced in /Users/dandam/tutProjects/hello-scala/target/resolution-cache/reports/default-hello-scala_2.11-sources.xml
	report for default#hello-scala_2.11;1.0 docs produced in /Users/dandam/tutProjects/hello-scala/target/resolution-cache/reports/default-hello-scala_2.11-docs.xml
	report for default#hello-scala_2.11;1.0 pom produced in /Users/dandam/tutProjects/hello-scala/target/resolution-cache/reports/default-hello-scala_2.11-pom.xml
	report for default#hello-scala_2.11;1.0 scala-tool produced in /Users/dandam/tutProjects/hello-scala/target/resolution-cache/reports/default-hello-scala_2.11-scala-tool.xml
	resolve done (606ms resolve - 20ms download)
Read from stdout: Done updating.
Done updating.

Initial source changes: 
	removed:Set()
	added: Set(/Users/dandam/tutProjects/hello-scala/src/main/scala/Hello.scala)
	modified: Set()
Removed products: Set()
External API changes: API Changes: Set()
Modified binary dependencies: Set()
Initial directly invalidated sources: Set(/Users/dandam/tutProjects/hello-scala/src/main/scala/Hello.scala)

Sources indirectly invalidated by:
	product: Set()
	binary dep: Set()
	external source: Set()
All initially invalidated sources: Set(/Users/dandam/tutProjects/hello-scala/src/main/scala/Hello.scala)

Recompiling all 1 sources: invalidated sources (1) exceeded 50.0% of all sources
Read from stdout: Compiling 1 Scala source to /Users/dandam/tutProjects/hello-scala/target/scala-2.11/classes...
Compiling 1 Scala source to /Users/dandam/tutProjects/hello-scala/target/scala-2.11/classes...
Getting compiler-interface from component compiler for Scala 2.11.1
Other repositories:
Default repositories:
Other repositories:
Default repositories:
Read from stdout: 'compiler-interface' not yet compiled for Scala 2.11.1. Compiling...
'compiler-interface' not yet compiled for Scala 2.11.1. Compiling...
Plain interface to Scala compiler 2.11.1  with arguments: 
	-nowarn
	-d
	/var/folders/rl/q80c9zcx1h1fz2s2x5j3wwth0000gn/T/sbt_b41502f0
	-bootclasspath
	/Library/Java/JavaVirtualMachines/jdk1.8.0_25.jdk/Contents/Home/jre/lib/resources.jar:/Library/Java/JavaVirtualMachines/jdk1.8.0_25.jdk/Contents/Home/jre/lib/rt.jar:/Library/Java/JavaVirtualMachines/jdk1.8.0_25.jdk/Contents/Home/jre/lib/sunrsasign.jar:/Library/Java/JavaVirtualMachines/jdk1.8.0_25.jdk/Contents/Home/jre/lib/jsse.jar:/Library/Java/JavaVirtualMachines/jdk1.8.0_25.jdk/Contents/Home/jre/lib/jce.jar:/Library/Java/JavaVirtualMachines/jdk1.8.0_25.jdk/Contents/Home/jre/lib/charsets.jar:/Library/Java/JavaVirtualMachines/jdk1.8.0_25.jdk/Contents/Home/jre/lib/jfr.jar:/Library/Java/JavaVirtualMachines/jdk1.8.0_25.jdk/Contents/Home/jre/classes:/Users/dandam/.ivy2/cache/org.scala-lang/scala-library/jars/scala-library-2.11.1.jar
	-classpath
	/Users/dandam/.sbt/boot/scala-2.10.4/com.typesafe.sbtrc/server-0-13/0.3.2/xsbti/interface-0.13.8-M5.jar:/Users/dandam/.sbt/boot/scala-2.10.4/com.typesafe.sbtrc/server-0-13/0.3.2/compiler-interface-src/compiler-interface-src-0.13.8-M5.jar:/Users/dandam/.ivy2/cache/org.scala-lang/scala-compiler/jars/scala-compiler-2.11.1.jar:/Users/dandam/.ivy2/cache/org.scala-lang/scala-reflect/jars/scala-reflect-2.11.1.jar:/Users/dandam/.ivy2/cache/org.scala-lang.modules/scala-xml_2.11/bundles/scala-xml_2.11-1.0.2.jar:/Users/dandam/.ivy2/cache/org.scala-lang.modules/scala-parser-combinators_2.11/bundles/scala-parser-combinators_2.11-1.0.1.jar:/Users/dandam/.ivy2/cache/jline/jline/jars/jline-2.11.jar
	/var/folders/rl/q80c9zcx1h1fz2s2x5j3wwth0000gn/T/sbt_67131ee2/xsbt/API.scala
	/var/folders/rl/q80c9zcx1h1fz2s2x5j3wwth0000gn/T/sbt_67131ee2/xsbt/Analyzer.scala
	/var/folders/rl/q80c9zcx1h1fz2s2x5j3wwth0000gn/T/sbt_67131ee2/xsbt/Command.scala
	/var/folders/rl/q80c9zcx1h1fz2s2x5j3wwth0000gn/T/sbt_67131ee2/xsbt/Compat.scala
	/var/folders/rl/q80c9zcx1h1fz2s2x5j3wwth0000gn/T/sbt_67131ee2/xsbt/CompilerInterface.scala
	/var/folders/rl/q80c9zcx1h1fz2s2x5j3wwth0000gn/T/sbt_67131ee2/xsbt/ConsoleInterface.scala
	/var/folders/rl/q80c9zcx1h1fz2s2x5j3wwth0000gn/T/sbt_67131ee2/xsbt/DelegatingReporter.scala
	/var/folders/rl/q80c9zcx1h1fz2s2x5j3wwth0000gn/T/sbt_67131ee2/xsbt/Dependency.scala
	/var/folders/rl/q80c9zcx1h1fz2s2x5j3wwth0000gn/T/sbt_67131ee2/xsbt/ExtractAPI.scala
	/var/folders/rl/q80c9zcx1h1fz2s2x5j3wwth0000gn/T/sbt_67131ee2/xsbt/ExtractUsedNames.scala
	/var/folders/rl/q80c9zcx1h1fz2s2x5j3wwth0000gn/T/sbt_67131ee2/xsbt/LocateClassFile.scala
	/var/folders/rl/q80c9zcx1h1fz2s2x5j3wwth0000gn/T/sbt_67131ee2/xsbt/Log.scala
	/var/folders/rl/q80c9zcx1h1fz2s2x5j3wwth0000gn/T/sbt_67131ee2/xsbt/Message.scala
	/var/folders/rl/q80c9zcx1h1fz2s2x5j3wwth0000gn/T/sbt_67131ee2/xsbt/ScaladocInterface.scala
Read from stdout: Compilation completed in 16.475 s
  Compilation completed in 16.475 s
Other repositories:
Default repositories:
Getting compiler-interface from component compiler for Scala 2.11.1
Other repositories:
Default repositories:
Running cached compiler 208aafa9, interfacing (CompilerInterface) with Scala compiler version 2.11.1
Calling Scala compiler with arguments  (CompilerInterface):
	-bootclasspath
	/Library/Java/JavaVirtualMachines/jdk1.8.0_25.jdk/Contents/Home/jre/lib/resources.jar:/Library/Java/JavaVirtualMachines/jdk1.8.0_25.jdk/Contents/Home/jre/lib/rt.jar:/Library/Java/JavaVirtualMachines/jdk1.8.0_25.jdk/Contents/Home/jre/lib/sunrsasign.jar:/Library/Java/JavaVirtualMachines/jdk1.8.0_25.jdk/Contents/Home/jre/lib/jsse.jar:/Library/Java/JavaVirtualMachines/jdk1.8.0_25.jdk/Contents/Home/jre/lib/jce.jar:/Library/Java/JavaVirtualMachines/jdk1.8.0_25.jdk/Contents/Home/jre/lib/charsets.jar:/Library/Java/JavaVirtualMachines/jdk1.8.0_25.jdk/Contents/Home/jre/lib/jfr.jar:/Library/Java/JavaVirtualMachines/jdk1.8.0_25.jdk/Contents/Home/jre/classes:/Users/dandam/.ivy2/cache/org.scala-lang/scala-library/jars/scala-library-2.11.1.jar
	-classpath
	/Users/dandam/tutProjects/hello-scala/target/scala-2.11/classes
Scala compilation took 17.2695525 s
Invalidating /Users/dandam/tutProjects/hello-scala/src/main/scala/Hello.scala...
Invalidating (transitively) by inheritance from /Users/dandam/tutProjects/hello-scala/src/main/scala/Hello.scala...
Initial set of included nodes: Set(/Users/dandam/tutProjects/hello-scala/src/main/scala/Hello.scala)
Invalidated by transitive inheritance dependency: Set(/Users/dandam/tutProjects/hello-scala/src/main/scala/Hello.scala)
The /Users/dandam/tutProjects/hello-scala/src/main/scala/Hello.scala source file has the following regular definitions changed:
	notify, wait, $asInstanceOf, equals, asInstanceOf, synchronized, $isInstanceOf, main, notifyAll, isInstanceOf, who, ==, clone, Hello, toString, !=, getClass, ne, eq, ##, finalize, hashCode.
All member reference dependencies will be considered within this context.
New invalidations:
	Set()
Initial set of included nodes: Set()
Previously invalidated, but (transitively) depend on new invalidations:
	Set()
All newly invalidated sources after taking into account (previously) recompiled sources:Set()
Total time: 19 s, completed Mar 7, 2015 6:19:43 PM
> server-post-command-cleanup
> server-handle-next-server-request
> {file:/Users/dandam/tutProjects/hello-scala/}hello-scala/compile:mainClass
Evaluating tasks: compile:mainClass
Running task... Cancel: sbt.server.ServerTaskCancellation@575f83cb, check cycles: false

Initial source changes: 
	removed:Set()
	added: Set()
	modified: Set()
Removed products: Set()
External API changes: API Changes: Set()
Modified binary dependencies: Set()
Initial directly invalidated sources: Set()

Sources indirectly invalidated by:
	product: Set()
	binary dep: Set()
	external source: Set()
All initially invalidated sources: Set()

Total time: 0 s, completed Mar 7, 2015 6:19:44 PM
> server-post-command-cleanup
> server-handle-next-server-request
> {file:/Users/dandam/tutProjects/hello-scala/}hello-scala/compile:discoveredMainClasses
Evaluating tasks: compile:discoveredMainClasses
Running task... Cancel: sbt.server.ServerTaskCancellation@6684a61a, check cycles: false

Initial source changes: 
	removed:Set()
	added: Set()
	modified: Set()
Removed products: Set()
External API changes: API Changes: Set()
Modified binary dependencies: Set()
Initial directly invalidated sources: Set()

Sources indirectly invalidated by:
	product: Set()
	binary dep: Set()
	external source: Set()
All initially invalidated sources: Set()

Total time: 0 s, completed Mar 7, 2015 6:19:44 PM
> server-post-command-cleanup
> server-handle-next-server-request
> {file:/Users/dandam/tutProjects/hello-scala/}hello-scala/compile:mainClass
Evaluating tasks: compile:mainClass
Running task... Cancel: sbt.server.ServerTaskCancellation@c86cefa, check cycles: false

Initial source changes: 
	removed:Set()
	added: Set()
	modified: Set()
Removed products: Set()
External API changes: API Changes: Set()
Modified binary dependencies: Set()
Initial directly invalidated sources: Set()

Sources indirectly invalidated by:
	product: Set()
	binary dep: Set()
	external source: Set()
All initially invalidated sources: Set()

Total time: 0 s, completed Mar 7, 2015 6:19:44 PM
> server-post-command-cleanup
> server-handle-next-server-request
> backgroundRunMain Hello
Evaluating tasks: compile:backgroundRunMain
Running task... Cancel: sbt.server.ServerTaskCancellation@1fcc6602, check cycles: false

Initial source changes: 
	removed:Set()
	added: Set()
	modified: Set()
Removed products: Set()
External API changes: API Changes: Set()
Modified binary dependencies: Set()
Initial directly invalidated sources: Set()

Sources indirectly invalidated by:
	product: Set()
	binary dep: Set()
	external source: Set()
All initially invalidated sources: Set()

Copy resource mappings: 
	
Total time: 0 s, completed Mar 7, 2015 6:20:40 PM
> server-post-command-cleanup
> server-handle-next-server-request
Done executing sbt server engine, result Right(Exit(0))
Closing listening server socket
Waiting for socket thread
Waiting for request processor thread
Waiting for command engine result
Returning control to sbt launcher with result Exit(0)
Closing the 2006@Daniels-MacBook-Pro.local logs at Sat Mar 07 18:22:21 CST 2015, goodbye.
